<?xml version="1.0" encoding="UTF-8"?>
<testsuite xmlns:xsi="http://www.w3.org/2001/XMLSchema-instance" xsi:noNamespaceSchemaLocation="https://maven.apache.org/surefire/maven-surefire-plugin/xsd/surefire-test-report.xsd" name="com.xxxx.seckill.SeckillDemoApplicationTests" time="0.101" tests="1" errors="1" skipped="0" failures="0">
  <properties>
[...]
</properties>
  <testcase name="com.xxxx.seckill.SeckillDemoApplicationTests" classname="com.xxxx.seckill.SeckillDemoApplicationTests" time="0.101">
    <error message="Failed to read candidate component class: file [/Users/fly/Documents/seckill-demo/target/test-classes/com/xxxx/seckill/SeckillDemoApplicationTests.class]; nested exception is org.springframework.core.NestedIOException: ASM ClassReader failed to parse class file - probably due to a new Java class file version that isn&apos;t supported yet: file [/Users/fly/Documents/seckill-demo/target/test-classes/com/xxxx/seckill/SeckillDemoApplicationTests.class]; nested exception is java.lang.IllegalArgumentException: Unsupported class file major version 61" type="org.springframework.beans.factory.BeanDefinitionStoreException">org.springframework.beans.factory.BeanDefinitionStoreException: Failed to read candidate component class: file [/Users/fly/Documents/seckill-demo/target/test-classes/com/xxxx/seckill/SeckillDemoApplicationTests.class]; nested exception is org.springframework.core.NestedIOException: ASM ClassReader failed to parse class file - probably due to a new Java class file version that isn't supported yet: file [/Users/fly/Documents/seckill-demo/target/test-classes/com/xxxx/seckill/SeckillDemoApplicationTests.class]; nested exception is java.lang.IllegalArgumentException: Unsupported class file major version 61
Caused by: org.springframework.core.NestedIOException: ASM ClassReader failed to parse class file - probably due to a new Java class file version that isn't supported yet: file [/Users/fly/Documents/seckill-demo/target/test-classes/com/xxxx/seckill/SeckillDemoApplicationTests.class]; nested exception is java.lang.IllegalArgumentException: Unsupported class file major version 61
Caused by: java.lang.IllegalArgumentException: Unsupported class file major version 61
</error>
    <system-out><![CDATA[11:47:51.726 [main] DEBUG org.springframework.test.context.BootstrapUtils - Instantiating CacheAwareContextLoaderDelegate from class [org.springframework.test.context.cache.DefaultCacheAwareContextLoaderDelegate]
11:47:51.731 [main] DEBUG org.springframework.test.context.BootstrapUtils - Instantiating BootstrapContext using constructor [public org.springframework.test.context.support.DefaultBootstrapContext(java.lang.Class,org.springframework.test.context.CacheAwareContextLoaderDelegate)]
11:47:51.746 [main] DEBUG org.springframework.test.context.BootstrapUtils - Instantiating TestContextBootstrapper for test class [com.xxxx.seckill.SeckillDemoApplicationTests] from class [org.springframework.boot.test.context.SpringBootTestContextBootstrapper]
11:47:51.752 [main] INFO org.springframework.boot.test.context.SpringBootTestContextBootstrapper - Neither @ContextConfiguration nor @ContextHierarchy found for test class [com.xxxx.seckill.SeckillDemoApplicationTests], using SpringBootContextLoader
11:47:51.753 [main] DEBUG org.springframework.test.context.support.AbstractContextLoader - Did not detect default resource location for test class [com.xxxx.seckill.SeckillDemoApplicationTests]: class path resource [com/xxxx/seckill/SeckillDemoApplicationTests-context.xml] does not exist
11:47:51.753 [main] DEBUG org.springframework.test.context.support.AbstractContextLoader - Did not detect default resource location for test class [com.xxxx.seckill.SeckillDemoApplicationTests]: class path resource [com/xxxx/seckill/SeckillDemoApplicationTestsContext.groovy] does not exist
11:47:51.753 [main] INFO org.springframework.test.context.support.AbstractContextLoader - Could not detect default resource locations for test class [com.xxxx.seckill.SeckillDemoApplicationTests]: no resource found for suffixes {-context.xml, Context.groovy}.
11:47:51.753 [main] INFO org.springframework.test.context.support.AnnotationConfigContextLoaderUtils - Could not detect default configuration classes for test class [com.xxxx.seckill.SeckillDemoApplicationTests]: SeckillDemoApplicationTests does not declare any static, non-private, non-final, nested classes annotated with @Configuration.
11:47:51.767 [main] DEBUG org.springframework.test.context.support.ActiveProfilesUtils - Could not find an 'annotation declaring class' for annotation type [org.springframework.test.context.ActiveProfiles] and class [com.xxxx.seckill.SeckillDemoApplicationTests]
11:47:51.779 [main] DEBUG org.springframework.test.context.BootstrapUtils - Instantiating CacheAwareContextLoaderDelegate from class [org.springframework.test.context.cache.DefaultCacheAwareContextLoaderDelegate]
11:47:51.779 [main] DEBUG org.springframework.test.context.BootstrapUtils - Instantiating BootstrapContext using constructor [public org.springframework.test.context.support.DefaultBootstrapContext(java.lang.Class,org.springframework.test.context.CacheAwareContextLoaderDelegate)]
11:47:51.779 [main] DEBUG org.springframework.test.context.BootstrapUtils - Instantiating TestContextBootstrapper for test class [com.xxxx.seckill.SeckillDemoApplicationTests] from class [org.springframework.boot.test.context.SpringBootTestContextBootstrapper]
11:47:51.780 [main] INFO org.springframework.boot.test.context.SpringBootTestContextBootstrapper - Neither @ContextConfiguration nor @ContextHierarchy found for test class [com.xxxx.seckill.SeckillDemoApplicationTests], using SpringBootContextLoader
11:47:51.780 [main] DEBUG org.springframework.test.context.support.AbstractContextLoader - Did not detect default resource location for test class [com.xxxx.seckill.SeckillDemoApplicationTests]: class path resource [com/xxxx/seckill/SeckillDemoApplicationTests-context.xml] does not exist
11:47:51.780 [main] DEBUG org.springframework.test.context.support.AbstractContextLoader - Did not detect default resource location for test class [com.xxxx.seckill.SeckillDemoApplicationTests]: class path resource [com/xxxx/seckill/SeckillDemoApplicationTestsContext.groovy] does not exist
11:47:51.780 [main] INFO org.springframework.test.context.support.AbstractContextLoader - Could not detect default resource locations for test class [com.xxxx.seckill.SeckillDemoApplicationTests]: no resource found for suffixes {-context.xml, Context.groovy}.
11:47:51.780 [main] INFO org.springframework.test.context.support.AnnotationConfigContextLoaderUtils - Could not detect default configuration classes for test class [com.xxxx.seckill.SeckillDemoApplicationTests]: SeckillDemoApplicationTests does not declare any static, non-private, non-final, nested classes annotated with @Configuration.
11:47:51.781 [main] DEBUG org.springframework.test.context.support.ActiveProfilesUtils - Could not find an 'annotation declaring class' for annotation type [org.springframework.test.context.ActiveProfiles] and class [com.xxxx.seckill.SeckillDemoApplicationTests]
11:47:51.782 [main] DEBUG org.springframework.test.context.BootstrapUtils - Instantiating CacheAwareContextLoaderDelegate from class [org.springframework.test.context.cache.DefaultCacheAwareContextLoaderDelegate]
11:47:51.782 [main] DEBUG org.springframework.test.context.BootstrapUtils - Instantiating BootstrapContext using constructor [public org.springframework.test.context.support.DefaultBootstrapContext(java.lang.Class,org.springframework.test.context.CacheAwareContextLoaderDelegate)]
11:47:51.782 [main] DEBUG org.springframework.test.context.BootstrapUtils - Instantiating TestContextBootstrapper for test class [com.xxxx.seckill.SeckillDemoApplicationTests] from class [org.springframework.boot.test.context.SpringBootTestContextBootstrapper]
11:47:51.782 [main] INFO org.springframework.boot.test.context.SpringBootTestContextBootstrapper - Neither @ContextConfiguration nor @ContextHierarchy found for test class [com.xxxx.seckill.SeckillDemoApplicationTests], using SpringBootContextLoader
11:47:51.782 [main] DEBUG org.springframework.test.context.support.AbstractContextLoader - Did not detect default resource location for test class [com.xxxx.seckill.SeckillDemoApplicationTests]: class path resource [com/xxxx/seckill/SeckillDemoApplicationTests-context.xml] does not exist
11:47:51.782 [main] DEBUG org.springframework.test.context.support.AbstractContextLoader - Did not detect default resource location for test class [com.xxxx.seckill.SeckillDemoApplicationTests]: class path resource [com/xxxx/seckill/SeckillDemoApplicationTestsContext.groovy] does not exist
11:47:51.782 [main] INFO org.springframework.test.context.support.AbstractContextLoader - Could not detect default resource locations for test class [com.xxxx.seckill.SeckillDemoApplicationTests]: no resource found for suffixes {-context.xml, Context.groovy}.
11:47:51.782 [main] INFO org.springframework.test.context.support.AnnotationConfigContextLoaderUtils - Could not detect default configuration classes for test class [com.xxxx.seckill.SeckillDemoApplicationTests]: SeckillDemoApplicationTests does not declare any static, non-private, non-final, nested classes annotated with @Configuration.
11:47:51.783 [main] DEBUG org.springframework.test.context.support.ActiveProfilesUtils - Could not find an 'annotation declaring class' for annotation type [org.springframework.test.context.ActiveProfiles] and class [com.xxxx.seckill.SeckillDemoApplicationTests]
]]></system-out>
  </testcase>
</testsuite>